2025-03-17 00:26:23.0476|0|INFO|ChatMentor.Backend.Program|Application is starting... 
2025-03-17 00:26:23.6431|0|DEBUG|Microsoft.AspNetCore.Mvc.ModelBinding.ModelBinderFactory|Registered model binder providers, in the following order: Microsoft.AspNetCore.Mvc.ModelBinding.Binders.BinderTypeModelBinderProvider, Microsoft.AspNetCore.Mvc.ModelBinding.Binders.ServicesModelBinderProvider, Microsoft.AspNetCore.Mvc.ModelBinding.Binders.BodyModelBinderProvider, Microsoft.AspNetCore.Mvc.ModelBinding.Binders.HeaderModelBinderProvider, Microsoft.AspNetCore.Mvc.ModelBinding.Binders.FloatingPointTypeModelBinderProvider, Microsoft.AspNetCore.Mvc.ModelBinding.Binders.EnumTypeModelBinderProvider, Microsoft.AspNetCore.Mvc.ModelBinding.Binders.DateTimeModelBinderProvider, Microsoft.AspNetCore.Mvc.ModelBinding.Binders.SimpleTypeModelBinderProvider, Microsoft.AspNetCore.Mvc.ModelBinding.Binders.TryParseModelBinderProvider, Microsoft.AspNetCore.Mvc.ModelBinding.Binders.CancellationTokenModelBinderProvider, Microsoft.AspNetCore.Mvc.ModelBinding.Binders.ByteArrayModelBinderProvider, Microsoft.AspNetCore.Mvc.ModelBinding.Binders.FormFileModelBinderProvider, Microsoft.AspNetCore.Mvc.ModelBinding.Binders.FormCollectionModelBinderProvider, Microsoft.AspNetCore.Mvc.ModelBinding.Binders.KeyValuePairModelBinderProvider, Microsoft.AspNetCore.Mvc.ModelBinding.Binders.DictionaryModelBinderProvider, Microsoft.AspNetCore.Mvc.ModelBinding.Binders.ArrayModelBinderProvider, Microsoft.AspNetCore.Mvc.ModelBinding.Binders.CollectionModelBinderProvider, Microsoft.AspNetCore.Mvc.ModelBinding.Binders.ComplexObjectModelBinderProvider 
2025-03-17 00:26:23.6976|0|DEBUG|Microsoft.Extensions.Hosting.Internal.Host|Hosting starting 
2025-03-17 00:26:23.7394|0|INFO|Microsoft.AspNetCore.DataProtection.KeyManagement.XmlKeyManager|User profile is available. Using 'C:\Users\cheng\AppData\Local\ASP.NET\DataProtection-Keys' as key repository and Windows DPAPI to encrypt keys at rest. 
2025-03-17 00:26:23.7498|0|DEBUG|Microsoft.AspNetCore.DataProtection.Repositories.FileSystemXmlRepository|Reading data from file 'C:\Users\cheng\AppData\Local\ASP.NET\DataProtection-Keys\key-3f5ab6da-553e-4ac1-830a-5452c0a4a75a.xml'. 
2025-03-17 00:26:23.7786|0|DEBUG|Microsoft.AspNetCore.DataProtection.Repositories.FileSystemXmlRepository|Reading data from file 'C:\Users\cheng\AppData\Local\ASP.NET\DataProtection-Keys\key-5ac7e3d2-4e7d-44ad-a182-66171fe00d14.xml'. 
2025-03-17 00:26:23.7977|0|DEBUG|Microsoft.AspNetCore.DataProtection.Repositories.FileSystemXmlRepository|Reading data from file 'C:\Users\cheng\AppData\Local\ASP.NET\DataProtection-Keys\key-a0849609-a7e4-4048-a966-06b80d716998.xml'. 
2025-03-17 00:26:23.8177|0|DEBUG|Microsoft.AspNetCore.DataProtection.Repositories.FileSystemXmlRepository|Reading data from file 'C:\Users\cheng\AppData\Local\ASP.NET\DataProtection-Keys\key-f6a4fb83-fc3b-4eb5-9900-e09e23c89e46.xml'. 
2025-03-17 00:26:23.8447|0|DEBUG|Microsoft.AspNetCore.DataProtection.KeyManagement.XmlKeyManager|Found key {3f5ab6da-553e-4ac1-830a-5452c0a4a75a}. 
2025-03-17 00:26:23.8447|0|DEBUG|Microsoft.AspNetCore.DataProtection.KeyManagement.XmlKeyManager|Found key {5ac7e3d2-4e7d-44ad-a182-66171fe00d14}. 
2025-03-17 00:26:23.8447|0|DEBUG|Microsoft.AspNetCore.DataProtection.KeyManagement.XmlKeyManager|Found key {a0849609-a7e4-4048-a966-06b80d716998}. 
2025-03-17 00:26:23.8447|0|DEBUG|Microsoft.AspNetCore.DataProtection.KeyManagement.XmlKeyManager|Found key {f6a4fb83-fc3b-4eb5-9900-e09e23c89e46}. 
2025-03-17 00:26:23.8447|0|DEBUG|Microsoft.AspNetCore.DataProtection.KeyManagement.DefaultKeyResolver|Considering key {5ac7e3d2-4e7d-44ad-a182-66171fe00d14} with expiration date 2025-06-14 15:11:08Z as default key. 
2025-03-17 00:26:23.8628|0|DEBUG|Microsoft.AspNetCore.DataProtection.TypeForwardingActivator|Forwarded activator type request from Microsoft.AspNetCore.DataProtection.XmlEncryption.DpapiXmlDecryptor, Microsoft.AspNetCore.DataProtection, Version=8.0.0.0, Culture=neutral, PublicKeyToken=adb9793829ddae60 to Microsoft.AspNetCore.DataProtection.XmlEncryption.DpapiXmlDecryptor, Microsoft.AspNetCore.DataProtection, Culture=neutral, PublicKeyToken=adb9793829ddae60 
2025-03-17 00:26:23.8628|0|DEBUG|Microsoft.AspNetCore.DataProtection.XmlEncryption.DpapiXmlDecryptor|Decrypting secret element using Windows DPAPI. 
2025-03-17 00:26:23.8628|0|DEBUG|Microsoft.AspNetCore.DataProtection.TypeForwardingActivator|Forwarded activator type request from Microsoft.AspNetCore.DataProtection.AuthenticatedEncryption.ConfigurationModel.AuthenticatedEncryptorDescriptorDeserializer, Microsoft.AspNetCore.DataProtection, Version=8.0.0.0, Culture=neutral, PublicKeyToken=adb9793829ddae60 to Microsoft.AspNetCore.DataProtection.AuthenticatedEncryption.ConfigurationModel.AuthenticatedEncryptorDescriptorDeserializer, Microsoft.AspNetCore.DataProtection, Culture=neutral, PublicKeyToken=adb9793829ddae60 
2025-03-17 00:26:23.8628|0|DEBUG|Microsoft.AspNetCore.DataProtection.AuthenticatedEncryption.CngCbcAuthenticatedEncryptorFactory|Opening CNG algorithm 'AES' from provider '(null)' with chaining mode CBC. 
2025-03-17 00:26:23.8791|0|DEBUG|Microsoft.AspNetCore.DataProtection.AuthenticatedEncryption.CngCbcAuthenticatedEncryptorFactory|Opening CNG algorithm 'SHA256' from provider '(null)' with HMAC. 
2025-03-17 00:26:23.8791|0|DEBUG|Microsoft.AspNetCore.DataProtection.KeyManagement.KeyRingProvider|Using key {5ac7e3d2-4e7d-44ad-a182-66171fe00d14} as the default key. 
2025-03-17 00:26:23.8791|0|DEBUG|Microsoft.AspNetCore.DataProtection.Internal.DataProtectionHostedService|Key ring with default key {5ac7e3d2-4e7d-44ad-a182-66171fe00d14} was loaded during application startup. 
2025-03-17 00:26:23.9690|0|WARN|Microsoft.AspNetCore.Server.Kestrel|Overriding address(es) 'https://localhost:7120, http://localhost:5037'. Binding to endpoints defined via IConfiguration and/or UseKestrel() instead. 
2025-03-17 00:26:23.9887|0|INFO|Microsoft.Hosting.Lifetime|Now listening on: http://localhost:8888 
2025-03-17 00:26:23.9887|0|DEBUG|Microsoft.AspNetCore.Hosting.Diagnostics|Loaded hosting startup assembly ChatMentor.Backend 
2025-03-17 00:26:23.9887|0|INFO|Microsoft.Hosting.Lifetime|Application started. Press Ctrl+C to shut down. 
2025-03-17 00:26:23.9887|0|INFO|Microsoft.Hosting.Lifetime|Hosting environment: Development 
2025-03-17 00:26:23.9887|0|INFO|Microsoft.Hosting.Lifetime|Content root path: C:\Users\cheng\source\repos\ChatMentor.Backend 
2025-03-17 00:26:23.9887|0|DEBUG|Microsoft.Extensions.Hosting.Internal.Host|Hosting started 
2025-03-17 00:26:35.4249|0|INFO|Microsoft.Hosting.Lifetime|Application is shutting down... 
2025-03-17 00:26:35.4249|0|DEBUG|Microsoft.Extensions.Hosting.Internal.Host|Hosting stopping 
2025-03-17 00:26:35.4382|0|DEBUG|Microsoft.Extensions.Hosting.Internal.Host|Hosting stopped 
2025-03-17 01:30:41.9864|0|INFO|ChatMentor.Backend.Program|Application is starting... 
2025-03-17 01:30:42.5965|0|DEBUG|Microsoft.AspNetCore.Mvc.ModelBinding.ModelBinderFactory|Registered model binder providers, in the following order: Microsoft.AspNetCore.Mvc.ModelBinding.Binders.BinderTypeModelBinderProvider, Microsoft.AspNetCore.Mvc.ModelBinding.Binders.ServicesModelBinderProvider, Microsoft.AspNetCore.Mvc.ModelBinding.Binders.BodyModelBinderProvider, Microsoft.AspNetCore.Mvc.ModelBinding.Binders.HeaderModelBinderProvider, Microsoft.AspNetCore.Mvc.ModelBinding.Binders.FloatingPointTypeModelBinderProvider, Microsoft.AspNetCore.Mvc.ModelBinding.Binders.EnumTypeModelBinderProvider, Microsoft.AspNetCore.Mvc.ModelBinding.Binders.DateTimeModelBinderProvider, Microsoft.AspNetCore.Mvc.ModelBinding.Binders.SimpleTypeModelBinderProvider, Microsoft.AspNetCore.Mvc.ModelBinding.Binders.TryParseModelBinderProvider, Microsoft.AspNetCore.Mvc.ModelBinding.Binders.CancellationTokenModelBinderProvider, Microsoft.AspNetCore.Mvc.ModelBinding.Binders.ByteArrayModelBinderProvider, Microsoft.AspNetCore.Mvc.ModelBinding.Binders.FormFileModelBinderProvider, Microsoft.AspNetCore.Mvc.ModelBinding.Binders.FormCollectionModelBinderProvider, Microsoft.AspNetCore.Mvc.ModelBinding.Binders.KeyValuePairModelBinderProvider, Microsoft.AspNetCore.Mvc.ModelBinding.Binders.DictionaryModelBinderProvider, Microsoft.AspNetCore.Mvc.ModelBinding.Binders.ArrayModelBinderProvider, Microsoft.AspNetCore.Mvc.ModelBinding.Binders.CollectionModelBinderProvider, Microsoft.AspNetCore.Mvc.ModelBinding.Binders.ComplexObjectModelBinderProvider 
2025-03-17 01:30:42.6630|0|DEBUG|Microsoft.Extensions.Hosting.Internal.Host|Hosting starting 
2025-03-17 01:30:42.7101|0|INFO|Microsoft.AspNetCore.DataProtection.KeyManagement.XmlKeyManager|User profile is available. Using 'C:\Users\cheng\AppData\Local\ASP.NET\DataProtection-Keys' as key repository and Windows DPAPI to encrypt keys at rest. 
2025-03-17 01:30:42.7414|0|DEBUG|Microsoft.AspNetCore.DataProtection.Repositories.FileSystemXmlRepository|Reading data from file 'C:\Users\cheng\AppData\Local\ASP.NET\DataProtection-Keys\key-3f5ab6da-553e-4ac1-830a-5452c0a4a75a.xml'. 
2025-03-17 01:30:42.7414|0|DEBUG|Microsoft.AspNetCore.DataProtection.Repositories.FileSystemXmlRepository|Reading data from file 'C:\Users\cheng\AppData\Local\ASP.NET\DataProtection-Keys\key-5ac7e3d2-4e7d-44ad-a182-66171fe00d14.xml'. 
2025-03-17 01:30:42.7414|0|DEBUG|Microsoft.AspNetCore.DataProtection.Repositories.FileSystemXmlRepository|Reading data from file 'C:\Users\cheng\AppData\Local\ASP.NET\DataProtection-Keys\key-a0849609-a7e4-4048-a966-06b80d716998.xml'. 
2025-03-17 01:30:42.7414|0|DEBUG|Microsoft.AspNetCore.DataProtection.Repositories.FileSystemXmlRepository|Reading data from file 'C:\Users\cheng\AppData\Local\ASP.NET\DataProtection-Keys\key-f6a4fb83-fc3b-4eb5-9900-e09e23c89e46.xml'. 
2025-03-17 01:30:42.7552|0|DEBUG|Microsoft.AspNetCore.DataProtection.KeyManagement.XmlKeyManager|Found key {3f5ab6da-553e-4ac1-830a-5452c0a4a75a}. 
2025-03-17 01:30:42.7552|0|DEBUG|Microsoft.AspNetCore.DataProtection.KeyManagement.XmlKeyManager|Found key {5ac7e3d2-4e7d-44ad-a182-66171fe00d14}. 
2025-03-17 01:30:42.7552|0|DEBUG|Microsoft.AspNetCore.DataProtection.KeyManagement.XmlKeyManager|Found key {a0849609-a7e4-4048-a966-06b80d716998}. 
2025-03-17 01:30:42.7552|0|DEBUG|Microsoft.AspNetCore.DataProtection.KeyManagement.XmlKeyManager|Found key {f6a4fb83-fc3b-4eb5-9900-e09e23c89e46}. 
2025-03-17 01:30:42.7715|0|DEBUG|Microsoft.AspNetCore.DataProtection.KeyManagement.DefaultKeyResolver|Considering key {5ac7e3d2-4e7d-44ad-a182-66171fe00d14} with expiration date 2025-06-14 15:11:08Z as default key. 
2025-03-17 01:30:42.7715|0|DEBUG|Microsoft.AspNetCore.DataProtection.TypeForwardingActivator|Forwarded activator type request from Microsoft.AspNetCore.DataProtection.XmlEncryption.DpapiXmlDecryptor, Microsoft.AspNetCore.DataProtection, Version=8.0.0.0, Culture=neutral, PublicKeyToken=adb9793829ddae60 to Microsoft.AspNetCore.DataProtection.XmlEncryption.DpapiXmlDecryptor, Microsoft.AspNetCore.DataProtection, Culture=neutral, PublicKeyToken=adb9793829ddae60 
2025-03-17 01:30:42.7715|0|DEBUG|Microsoft.AspNetCore.DataProtection.XmlEncryption.DpapiXmlDecryptor|Decrypting secret element using Windows DPAPI. 
2025-03-17 01:30:42.7715|0|DEBUG|Microsoft.AspNetCore.DataProtection.TypeForwardingActivator|Forwarded activator type request from Microsoft.AspNetCore.DataProtection.AuthenticatedEncryption.ConfigurationModel.AuthenticatedEncryptorDescriptorDeserializer, Microsoft.AspNetCore.DataProtection, Version=8.0.0.0, Culture=neutral, PublicKeyToken=adb9793829ddae60 to Microsoft.AspNetCore.DataProtection.AuthenticatedEncryption.ConfigurationModel.AuthenticatedEncryptorDescriptorDeserializer, Microsoft.AspNetCore.DataProtection, Culture=neutral, PublicKeyToken=adb9793829ddae60 
2025-03-17 01:30:42.7835|0|DEBUG|Microsoft.AspNetCore.DataProtection.AuthenticatedEncryption.CngCbcAuthenticatedEncryptorFactory|Opening CNG algorithm 'AES' from provider '(null)' with chaining mode CBC. 
2025-03-17 01:30:42.7835|0|DEBUG|Microsoft.AspNetCore.DataProtection.AuthenticatedEncryption.CngCbcAuthenticatedEncryptorFactory|Opening CNG algorithm 'SHA256' from provider '(null)' with HMAC. 
2025-03-17 01:30:42.7835|0|DEBUG|Microsoft.AspNetCore.DataProtection.KeyManagement.KeyRingProvider|Using key {5ac7e3d2-4e7d-44ad-a182-66171fe00d14} as the default key. 
2025-03-17 01:30:42.7835|0|DEBUG|Microsoft.AspNetCore.DataProtection.Internal.DataProtectionHostedService|Key ring with default key {5ac7e3d2-4e7d-44ad-a182-66171fe00d14} was loaded during application startup. 
2025-03-17 01:30:42.8751|0|DEBUG|Microsoft.AspNetCore.Hosting.Diagnostics|Loaded hosting startup assembly ChatMentor.Backend 
2025-03-17 01:30:42.8751|0|INFO|Microsoft.Hosting.Lifetime|Application started. Press Ctrl+C to shut down. 
2025-03-17 01:30:42.8751|0|INFO|Microsoft.Hosting.Lifetime|Hosting environment: Development 
2025-03-17 01:30:42.8751|0|INFO|Microsoft.Hosting.Lifetime|Content root path: C:\Users\cheng\source\repos\ChatMentor.Backend 
2025-03-17 01:30:42.8751|0|DEBUG|Microsoft.Extensions.Hosting.Internal.Host|Hosting started 
2025-03-17 01:30:42.9525|0|INFO|Microsoft.AspNetCore.Hosting.Diagnostics|Request starting HTTP/2 GET https://localhost:44372/swagger/index.html - - - 
2025-03-17 01:30:42.9538|0|DEBUG|Microsoft.AspNetCore.HostFiltering.HostFilteringMiddleware|Wildcard detected, all requests with hosts will be allowed. 
2025-03-17 01:30:42.9538|0|TRACE|Microsoft.AspNetCore.HostFiltering.HostFilteringMiddleware|All hosts are allowed. 
2025-03-17 01:30:42.9693|0|DEBUG|Microsoft.AspNetCore.Routing.Matching.DfaMatcher|No candidates found for the request path '/swagger/index.html' 
2025-03-17 01:30:42.9693|0|DEBUG|Microsoft.AspNetCore.Routing.EndpointRoutingMiddleware|Request did not match any endpoints 
2025-03-17 01:30:43.1080|0|DEBUG|Microsoft.AspNetCore.Server.IIS.Core.IISHttpServer|Connection ID "18086456152375164941" disconnecting. 
2025-03-17 01:30:43.1102|0|INFO|Microsoft.AspNetCore.Hosting.Diagnostics|Request finished HTTP/2 GET https://localhost:44372/swagger/index.html - 200 - text/html;charset=utf-8 158.0990ms 
2025-03-17 01:30:43.2374|0|INFO|Microsoft.AspNetCore.Hosting.Diagnostics|Request starting HTTP/2 GET https://localhost:44372/swagger/index.js - - - 
2025-03-17 01:30:43.2374|0|TRACE|Microsoft.AspNetCore.HostFiltering.HostFilteringMiddleware|All hosts are allowed. 
2025-03-17 01:30:43.2374|0|DEBUG|Microsoft.AspNetCore.Routing.Matching.DfaMatcher|No candidates found for the request path '/swagger/index.js' 
2025-03-17 01:30:43.2374|0|DEBUG|Microsoft.AspNetCore.Routing.EndpointRoutingMiddleware|Request did not match any endpoints 
2025-03-17 01:30:43.2374|0|DEBUG|Microsoft.AspNetCore.Server.IIS.Core.IISHttpServer|Connection ID "18230571318976184361" disconnecting. 
2025-03-17 01:30:43.2374|0|INFO|Microsoft.AspNetCore.Hosting.Diagnostics|Request finished HTTP/2 GET https://localhost:44372/swagger/index.js - 200 - application/javascript;charset=utf-8 2.5401ms 
2025-03-17 01:30:43.4182|0|INFO|Microsoft.AspNetCore.Hosting.Diagnostics|Request starting HTTP/2 GET https://localhost:44372/swagger/v1/swagger.json - - - 
2025-03-17 01:30:43.4182|0|TRACE|Microsoft.AspNetCore.HostFiltering.HostFilteringMiddleware|All hosts are allowed. 
2025-03-17 01:30:43.4182|0|DEBUG|Microsoft.AspNetCore.Routing.Matching.DfaMatcher|No candidates found for the request path '/swagger/v1/swagger.json' 
2025-03-17 01:30:43.4182|0|DEBUG|Microsoft.AspNetCore.Routing.EndpointRoutingMiddleware|Request did not match any endpoints 
2025-03-17 01:30:43.5337|0|INFO|Microsoft.AspNetCore.Hosting.Diagnostics|Request finished HTTP/2 GET https://localhost:44372/swagger/v1/swagger.json - 200 - application/json;charset=utf-8 115.4640ms 
2025-03-17 01:30:43.5337|0|DEBUG|Microsoft.AspNetCore.Server.IIS.Core.IISHttpServer|Connection ID "18158513699168452651" disconnecting. 
2025-03-17 01:31:18.4257|0|INFO|Microsoft.Hosting.Lifetime|Application is shutting down... 
2025-03-17 01:31:18.4257|0|DEBUG|Microsoft.Extensions.Hosting.Internal.Host|Hosting stopping 
2025-03-17 01:31:18.4257|0|DEBUG|Microsoft.Extensions.Hosting.Internal.Host|Hosting stopped 
2025-03-17 02:48:11.9858|0|INFO|ChatMentor.Backend.Program|Application is starting... 
2025-03-17 02:48:12.9701|0|DEBUG|Microsoft.AspNetCore.Mvc.ModelBinding.ModelBinderFactory|Registered model binder providers, in the following order: Microsoft.AspNetCore.Mvc.ModelBinding.Binders.BinderTypeModelBinderProvider, Microsoft.AspNetCore.Mvc.ModelBinding.Binders.ServicesModelBinderProvider, Microsoft.AspNetCore.Mvc.ModelBinding.Binders.BodyModelBinderProvider, Microsoft.AspNetCore.Mvc.ModelBinding.Binders.HeaderModelBinderProvider, Microsoft.AspNetCore.Mvc.ModelBinding.Binders.FloatingPointTypeModelBinderProvider, Microsoft.AspNetCore.Mvc.ModelBinding.Binders.EnumTypeModelBinderProvider, Microsoft.AspNetCore.Mvc.ModelBinding.Binders.DateTimeModelBinderProvider, Microsoft.AspNetCore.Mvc.ModelBinding.Binders.SimpleTypeModelBinderProvider, Microsoft.AspNetCore.Mvc.ModelBinding.Binders.TryParseModelBinderProvider, Microsoft.AspNetCore.Mvc.ModelBinding.Binders.CancellationTokenModelBinderProvider, Microsoft.AspNetCore.Mvc.ModelBinding.Binders.ByteArrayModelBinderProvider, Microsoft.AspNetCore.Mvc.ModelBinding.Binders.FormFileModelBinderProvider, Microsoft.AspNetCore.Mvc.ModelBinding.Binders.FormCollectionModelBinderProvider, Microsoft.AspNetCore.Mvc.ModelBinding.Binders.KeyValuePairModelBinderProvider, Microsoft.AspNetCore.Mvc.ModelBinding.Binders.DictionaryModelBinderProvider, Microsoft.AspNetCore.Mvc.ModelBinding.Binders.ArrayModelBinderProvider, Microsoft.AspNetCore.Mvc.ModelBinding.Binders.CollectionModelBinderProvider, Microsoft.AspNetCore.Mvc.ModelBinding.Binders.ComplexObjectModelBinderProvider 
2025-03-17 02:48:13.0573|0|DEBUG|Microsoft.Extensions.Hosting.Internal.Host|Hosting starting 
2025-03-17 02:48:13.1143|0|INFO|Microsoft.AspNetCore.DataProtection.KeyManagement.XmlKeyManager|User profile is available. Using 'C:\Users\cheng\AppData\Local\ASP.NET\DataProtection-Keys' as key repository and Windows DPAPI to encrypt keys at rest. 
2025-03-17 02:48:13.1269|0|DEBUG|Microsoft.AspNetCore.DataProtection.Repositories.FileSystemXmlRepository|Reading data from file 'C:\Users\cheng\AppData\Local\ASP.NET\DataProtection-Keys\key-3f5ab6da-553e-4ac1-830a-5452c0a4a75a.xml'. 
2025-03-17 02:48:13.1269|0|DEBUG|Microsoft.AspNetCore.DataProtection.Repositories.FileSystemXmlRepository|Reading data from file 'C:\Users\cheng\AppData\Local\ASP.NET\DataProtection-Keys\key-5ac7e3d2-4e7d-44ad-a182-66171fe00d14.xml'. 
2025-03-17 02:48:13.1269|0|DEBUG|Microsoft.AspNetCore.DataProtection.Repositories.FileSystemXmlRepository|Reading data from file 'C:\Users\cheng\AppData\Local\ASP.NET\DataProtection-Keys\key-a0849609-a7e4-4048-a966-06b80d716998.xml'. 
2025-03-17 02:48:13.1410|0|DEBUG|Microsoft.AspNetCore.DataProtection.Repositories.FileSystemXmlRepository|Reading data from file 'C:\Users\cheng\AppData\Local\ASP.NET\DataProtection-Keys\key-f6a4fb83-fc3b-4eb5-9900-e09e23c89e46.xml'. 
2025-03-17 02:48:13.1410|0|DEBUG|Microsoft.AspNetCore.DataProtection.KeyManagement.XmlKeyManager|Found key {3f5ab6da-553e-4ac1-830a-5452c0a4a75a}. 
2025-03-17 02:48:13.1410|0|DEBUG|Microsoft.AspNetCore.DataProtection.KeyManagement.XmlKeyManager|Found key {5ac7e3d2-4e7d-44ad-a182-66171fe00d14}. 
2025-03-17 02:48:13.1410|0|DEBUG|Microsoft.AspNetCore.DataProtection.KeyManagement.XmlKeyManager|Found key {a0849609-a7e4-4048-a966-06b80d716998}. 
2025-03-17 02:48:13.1410|0|DEBUG|Microsoft.AspNetCore.DataProtection.KeyManagement.XmlKeyManager|Found key {f6a4fb83-fc3b-4eb5-9900-e09e23c89e46}. 
2025-03-17 02:48:13.1650|0|DEBUG|Microsoft.AspNetCore.DataProtection.KeyManagement.DefaultKeyResolver|Considering key {5ac7e3d2-4e7d-44ad-a182-66171fe00d14} with expiration date 2025-06-14 15:11:08Z as default key. 
2025-03-17 02:48:13.1650|0|DEBUG|Microsoft.AspNetCore.DataProtection.TypeForwardingActivator|Forwarded activator type request from Microsoft.AspNetCore.DataProtection.XmlEncryption.DpapiXmlDecryptor, Microsoft.AspNetCore.DataProtection, Version=8.0.0.0, Culture=neutral, PublicKeyToken=adb9793829ddae60 to Microsoft.AspNetCore.DataProtection.XmlEncryption.DpapiXmlDecryptor, Microsoft.AspNetCore.DataProtection, Culture=neutral, PublicKeyToken=adb9793829ddae60 
2025-03-17 02:48:13.1727|0|DEBUG|Microsoft.AspNetCore.DataProtection.XmlEncryption.DpapiXmlDecryptor|Decrypting secret element using Windows DPAPI. 
2025-03-17 02:48:13.1727|0|DEBUG|Microsoft.AspNetCore.DataProtection.TypeForwardingActivator|Forwarded activator type request from Microsoft.AspNetCore.DataProtection.AuthenticatedEncryption.ConfigurationModel.AuthenticatedEncryptorDescriptorDeserializer, Microsoft.AspNetCore.DataProtection, Version=8.0.0.0, Culture=neutral, PublicKeyToken=adb9793829ddae60 to Microsoft.AspNetCore.DataProtection.AuthenticatedEncryption.ConfigurationModel.AuthenticatedEncryptorDescriptorDeserializer, Microsoft.AspNetCore.DataProtection, Culture=neutral, PublicKeyToken=adb9793829ddae60 
2025-03-17 02:48:13.1727|0|DEBUG|Microsoft.AspNetCore.DataProtection.AuthenticatedEncryption.CngCbcAuthenticatedEncryptorFactory|Opening CNG algorithm 'AES' from provider '(null)' with chaining mode CBC. 
2025-03-17 02:48:13.1727|0|DEBUG|Microsoft.AspNetCore.DataProtection.AuthenticatedEncryption.CngCbcAuthenticatedEncryptorFactory|Opening CNG algorithm 'SHA256' from provider '(null)' with HMAC. 
2025-03-17 02:48:13.1727|0|DEBUG|Microsoft.AspNetCore.DataProtection.KeyManagement.KeyRingProvider|Using key {5ac7e3d2-4e7d-44ad-a182-66171fe00d14} as the default key. 
2025-03-17 02:48:13.1727|0|DEBUG|Microsoft.AspNetCore.DataProtection.Internal.DataProtectionHostedService|Key ring with default key {5ac7e3d2-4e7d-44ad-a182-66171fe00d14} was loaded during application startup. 
2025-03-17 02:48:13.3150|0|DEBUG|Microsoft.AspNetCore.Hosting.Diagnostics|Loaded hosting startup assembly ChatMentor.Backend 
2025-03-17 02:48:13.3150|0|INFO|Microsoft.Hosting.Lifetime|Application started. Press Ctrl+C to shut down. 
2025-03-17 02:48:13.3150|0|INFO|Microsoft.Hosting.Lifetime|Hosting environment: Development 
2025-03-17 02:48:13.3150|0|INFO|Microsoft.Hosting.Lifetime|Content root path: C:\Users\cheng\source\repos\ChatMentor.Backend 
2025-03-17 02:48:13.3150|0|DEBUG|Microsoft.Extensions.Hosting.Internal.Host|Hosting started 
2025-03-17 02:48:13.4125|0|INFO|Microsoft.AspNetCore.Hosting.Diagnostics|Request starting HTTP/2 GET https://localhost:44372/swagger/index.html - - - 
2025-03-17 02:48:13.4125|0|DEBUG|Microsoft.AspNetCore.HostFiltering.HostFilteringMiddleware|Wildcard detected, all requests with hosts will be allowed. 
2025-03-17 02:48:13.4125|0|TRACE|Microsoft.AspNetCore.HostFiltering.HostFilteringMiddleware|All hosts are allowed. 
2025-03-17 02:48:13.6095|0|DEBUG|Microsoft.AspNetCore.Server.IIS.Core.IISHttpServer|Connection ID "18374686519936942090" disconnecting. 
2025-03-17 02:48:13.6144|0|INFO|Microsoft.AspNetCore.Hosting.Diagnostics|Request finished HTTP/2 GET https://localhost:44372/swagger/index.html - 200 - text/html;charset=utf-8 202.2245ms 
2025-03-17 02:48:13.7332|0|INFO|Microsoft.AspNetCore.Hosting.Diagnostics|Request starting HTTP/2 GET https://localhost:44372/swagger/index.js - - - 
2025-03-17 02:48:13.7332|0|TRACE|Microsoft.AspNetCore.HostFiltering.HostFilteringMiddleware|All hosts are allowed. 
2025-03-17 02:48:13.7465|0|INFO|Microsoft.AspNetCore.Hosting.Diagnostics|Request finished HTTP/2 GET https://localhost:44372/swagger/index.js - 200 - application/javascript;charset=utf-8 12.4792ms 
2025-03-17 02:48:13.7465|0|DEBUG|Microsoft.AspNetCore.Server.IIS.Core.IISHttpServer|Connection ID "18158513699168452653" disconnecting. 
2025-03-17 02:48:14.1203|0|INFO|Microsoft.AspNetCore.Hosting.Diagnostics|Request starting HTTP/2 GET https://localhost:44372/swagger/v1/swagger.json - - - 
2025-03-17 02:48:14.1203|0|TRACE|Microsoft.AspNetCore.HostFiltering.HostFilteringMiddleware|All hosts are allowed. 
2025-03-17 02:48:14.2722|0|INFO|Microsoft.AspNetCore.Hosting.Diagnostics|Request finished HTTP/2 GET https://localhost:44372/swagger/v1/swagger.json - 200 - application/json;charset=utf-8 151.9146ms 
2025-03-17 02:48:14.2722|0|DEBUG|Microsoft.AspNetCore.Server.IIS.Core.IISHttpServer|Connection ID "18374686519936942092" disconnecting. 
2025-03-17 03:04:58.2109|0|INFO|Microsoft.AspNetCore.Hosting.Diagnostics|Request starting HTTP/2 GET https://localhost:44372/WeatherForecast - - - 
2025-03-17 03:04:58.2109|0|TRACE|Microsoft.AspNetCore.HostFiltering.HostFilteringMiddleware|All hosts are allowed. 
2025-03-17 03:04:58.2109|0|DEBUG|Microsoft.AspNetCore.StaticFiles.StaticFileMiddleware|The request path  does not match the path filter 
2025-03-17 03:04:58.3319|0|DEBUG|Microsoft.AspNetCore.Authentication.JwtBearer.JwtBearerHandler|AuthenticationScheme: Bearer was not authenticated. 
2025-03-17 03:04:58.3488|0|DEBUG|Microsoft.AspNetCore.Routing.Matching.DfaMatcher|1 candidate(s) found for the request path '/WeatherForecast' 
2025-03-17 03:04:58.3615|0|DEBUG|Microsoft.AspNetCore.Routing.Matching.DfaMatcher|Endpoint 'ChatMentor.Backend.Controllers.WeatherForecastController.Get (ChatMentor.Backend)' with route pattern 'WeatherForecast' is valid for the request path '/WeatherForecast' 
2025-03-17 03:04:58.3615|0|DEBUG|Microsoft.AspNetCore.Routing.EndpointRoutingMiddleware|Request matched endpoint 'ChatMentor.Backend.Controllers.WeatherForecastController.Get (ChatMentor.Backend)' 
2025-03-17 03:04:58.3615|0|TRACE|Microsoft.AspNetCore.Routing.EndpointRoutingMiddleware|The endpoint does not specify the IRequestSizeLimitMetadata. 
2025-03-17 03:04:58.3615|0|INFO|Microsoft.AspNetCore.Routing.EndpointMiddleware|Executing endpoint 'ChatMentor.Backend.Controllers.WeatherForecastController.Get (ChatMentor.Backend)' 
2025-03-17 03:04:58.3880|0|INFO|Microsoft.AspNetCore.Mvc.Infrastructure.ControllerActionInvoker|Route matched with {action = "Get", controller = "WeatherForecast"}. Executing controller action with signature System.Collections.Generic.IEnumerable`1[ChatMentor.Backend.WeatherForecast] Get() on controller ChatMentor.Backend.Controllers.WeatherForecastController (ChatMentor.Backend). 
2025-03-17 03:04:58.3880|0|DEBUG|Microsoft.AspNetCore.Mvc.Infrastructure.ControllerActionInvoker|Execution plan of authorization filters (in the following order): None 
2025-03-17 03:04:58.3880|0|DEBUG|Microsoft.AspNetCore.Mvc.Infrastructure.ControllerActionInvoker|Execution plan of resource filters (in the following order): None 
2025-03-17 03:04:58.3880|0|DEBUG|Microsoft.AspNetCore.Mvc.Infrastructure.ControllerActionInvoker|Execution plan of action filters (in the following order): Microsoft.AspNetCore.Mvc.ModelBinding.UnsupportedContentTypeFilter (Order: -3000), Microsoft.AspNetCore.Mvc.Infrastructure.ModelStateInvalidFilter (Order: -2000) 
2025-03-17 03:04:58.3880|0|DEBUG|Microsoft.AspNetCore.Mvc.Infrastructure.ControllerActionInvoker|Execution plan of exception filters (in the following order): None 
2025-03-17 03:04:58.3880|0|DEBUG|Microsoft.AspNetCore.Mvc.Infrastructure.ControllerActionInvoker|Execution plan of result filters (in the following order): Microsoft.AspNetCore.Mvc.Infrastructure.ClientErrorResultFilter (Order: -2000) 
2025-03-17 03:04:58.3925|0|DEBUG|Microsoft.AspNetCore.Mvc.Infrastructure.ControllerActionInvoker|Executing controller factory for controller ChatMentor.Backend.Controllers.WeatherForecastController (ChatMentor.Backend) 
2025-03-17 03:04:58.3925|0|DEBUG|Microsoft.AspNetCore.Mvc.Infrastructure.ControllerActionInvoker|Executed controller factory for controller ChatMentor.Backend.Controllers.WeatherForecastController (ChatMentor.Backend) 
2025-03-17 03:04:58.3925|0|TRACE|Microsoft.AspNetCore.Mvc.Infrastructure.ControllerActionInvoker|Action Filter: Before executing OnActionExecuting on filter Microsoft.AspNetCore.Mvc.ModelBinding.UnsupportedContentTypeFilter. 
2025-03-17 03:04:58.3925|0|TRACE|Microsoft.AspNetCore.Mvc.Infrastructure.ControllerActionInvoker|Action Filter: After executing OnActionExecuting on filter Microsoft.AspNetCore.Mvc.ModelBinding.UnsupportedContentTypeFilter. 
2025-03-17 03:04:58.3925|0|TRACE|Microsoft.AspNetCore.Mvc.Infrastructure.ControllerActionInvoker|Action Filter: Before executing OnActionExecuting on filter Microsoft.AspNetCore.Mvc.Infrastructure.ModelStateInvalidFilter. 
2025-03-17 03:04:58.3925|0|TRACE|Microsoft.AspNetCore.Mvc.Infrastructure.ControllerActionInvoker|Action Filter: After executing OnActionExecuting on filter Microsoft.AspNetCore.Mvc.Infrastructure.ModelStateInvalidFilter. 
2025-03-17 03:04:58.3925|0|INFO|Microsoft.AspNetCore.Mvc.Infrastructure.ControllerActionInvoker|Executing action method ChatMentor.Backend.Controllers.WeatherForecastController.Get (ChatMentor.Backend) - Validation state: Valid 
2025-03-17 03:04:58.4148|0|INFO|Microsoft.AspNetCore.Mvc.Infrastructure.ControllerActionInvoker|Executed action method ChatMentor.Backend.Controllers.WeatherForecastController.Get (ChatMentor.Backend), returned result Microsoft.AspNetCore.Mvc.ObjectResult in 2.1067ms. 
2025-03-17 03:04:58.4148|0|TRACE|Microsoft.AspNetCore.Mvc.Infrastructure.ControllerActionInvoker|Action Filter: Before executing OnActionExecuted on filter Microsoft.AspNetCore.Mvc.Infrastructure.ModelStateInvalidFilter. 
2025-03-17 03:04:58.4148|0|TRACE|Microsoft.AspNetCore.Mvc.Infrastructure.ControllerActionInvoker|Action Filter: After executing OnActionExecuted on filter Microsoft.AspNetCore.Mvc.Infrastructure.ModelStateInvalidFilter. 
2025-03-17 03:04:58.4148|0|TRACE|Microsoft.AspNetCore.Mvc.Infrastructure.ControllerActionInvoker|Action Filter: Before executing OnActionExecuted on filter Microsoft.AspNetCore.Mvc.ModelBinding.UnsupportedContentTypeFilter. 
2025-03-17 03:04:58.4148|0|TRACE|Microsoft.AspNetCore.Mvc.Infrastructure.ControllerActionInvoker|Action Filter: After executing OnActionExecuted on filter Microsoft.AspNetCore.Mvc.ModelBinding.UnsupportedContentTypeFilter. 
2025-03-17 03:04:58.4148|0|TRACE|Microsoft.AspNetCore.Mvc.Infrastructure.ControllerActionInvoker|Result Filter: Before executing OnResultExecuting on filter Microsoft.AspNetCore.Mvc.Infrastructure.ClientErrorResultFilter. 
2025-03-17 03:04:58.4148|0|TRACE|Microsoft.AspNetCore.Mvc.Infrastructure.ControllerActionInvoker|Result Filter: After executing OnResultExecuting on filter Microsoft.AspNetCore.Mvc.Infrastructure.ClientErrorResultFilter. 
2025-03-17 03:04:58.4148|0|TRACE|Microsoft.AspNetCore.Mvc.Infrastructure.ControllerActionInvoker|Before executing action result Microsoft.AspNetCore.Mvc.ObjectResult. 
2025-03-17 03:04:58.4233|0|DEBUG|Microsoft.AspNetCore.Mvc.Infrastructure.DefaultOutputFormatterSelector|List of registered output formatters, in the following order: Microsoft.AspNetCore.Mvc.Formatters.HttpNoContentOutputFormatter, Microsoft.AspNetCore.Mvc.Formatters.StringOutputFormatter, Microsoft.AspNetCore.Mvc.Formatters.StreamOutputFormatter, Microsoft.AspNetCore.Mvc.Formatters.SystemTextJsonOutputFormatter 
2025-03-17 03:04:58.4233|0|DEBUG|Microsoft.AspNetCore.Mvc.Infrastructure.DefaultOutputFormatterSelector|Attempting to select an output formatter based on Accept header 'text/plain'. 
2025-03-17 03:04:58.4233|0|DEBUG|Microsoft.AspNetCore.Mvc.Infrastructure.DefaultOutputFormatterSelector|Could not find an output formatter based on content negotiation. Accepted types were (text/plain) 
2025-03-17 03:04:58.4233|0|DEBUG|Microsoft.AspNetCore.Mvc.Infrastructure.DefaultOutputFormatterSelector|Attempting to select an output formatter without using a content type as no explicit content types were specified for the response. 
2025-03-17 03:04:58.4233|0|DEBUG|Microsoft.AspNetCore.Mvc.Infrastructure.DefaultOutputFormatterSelector|Attempting to select the first formatter in the output formatters list which can write the result. 
2025-03-17 03:04:58.4233|0|DEBUG|Microsoft.AspNetCore.Mvc.Infrastructure.DefaultOutputFormatterSelector|Selected output formatter 'Microsoft.AspNetCore.Mvc.Formatters.SystemTextJsonOutputFormatter' and content type 'application/json' to write the response. 
2025-03-17 03:04:58.4233|0|INFO|Microsoft.AspNetCore.Mvc.Infrastructure.ObjectResultExecutor|Executing ObjectResult, writing value of type 'ChatMentor.Backend.WeatherForecast[]'. 
2025-03-17 03:04:58.4864|0|TRACE|Microsoft.AspNetCore.Mvc.Infrastructure.ControllerActionInvoker|After executing action result Microsoft.AspNetCore.Mvc.ObjectResult. 
2025-03-17 03:04:58.4864|0|TRACE|Microsoft.AspNetCore.Mvc.Infrastructure.ControllerActionInvoker|Result Filter: Before executing OnResultExecuted on filter Microsoft.AspNetCore.Mvc.Infrastructure.ClientErrorResultFilter. 
2025-03-17 03:04:58.4864|0|TRACE|Microsoft.AspNetCore.Mvc.Infrastructure.ControllerActionInvoker|Result Filter: After executing OnResultExecuted on filter Microsoft.AspNetCore.Mvc.Infrastructure.ClientErrorResultFilter. 
2025-03-17 03:04:58.4864|0|INFO|Microsoft.AspNetCore.Mvc.Infrastructure.ControllerActionInvoker|Executed action ChatMentor.Backend.Controllers.WeatherForecastController.Get (ChatMentor.Backend) in 97.1969ms 
2025-03-17 03:04:58.4864|0|INFO|Microsoft.AspNetCore.Routing.EndpointMiddleware|Executed endpoint 'ChatMentor.Backend.Controllers.WeatherForecastController.Get (ChatMentor.Backend)' 
2025-03-17 03:04:58.4864|0|INFO|Microsoft.AspNetCore.Hosting.Diagnostics|Request finished HTTP/2 GET https://localhost:44372/WeatherForecast - 200 - application/json;+charset=utf-8 281.9134ms 
2025-03-17 03:04:58.4864|0|DEBUG|Microsoft.AspNetCore.Server.IIS.Core.IISHttpServer|Connection ID "18230571318976184363" disconnecting. 
